<?xml version="1.0" encoding="UTF-8"?>
<!-- Generated by org.testng.reporters.JUnitReportReporter -->
<testsuite hostname="Dhiman11" failures="0" tests="1" name="test_Cases_Class.TC08_Multiple_Login_ProductionTest" time="34.237" errors="0" timestamp="2025-07-16T11:46:34 IST" skipped="0">
  <testcase classname="test_Cases_Class.TC08_Multiple_Login_ProductionTest" name="loginWithThirdUser" time="34.237"/>
</testsuite> <!-- test_Cases_Class.TC08_Multiple_Login_ProductionTest -->
