<?xml version="1.0" encoding="UTF-8"?>
<!-- Generated by org.testng.reporters.JUnitReportReporter -->
<testsuite hostname="Dhiman11" failures="0" tests="9" name="test_Cases_Class.TC06_Application_Page" time="877.866" errors="0" timestamp="2025-07-04T17:33:03 IST" skipped="0">
  <testcase classname="test_Cases_Class.TC06_Application_Page" name="applicationpage" time="3.253"/>
  <testcase classname="test_Cases_Class.TC06_Application_Page" name="installapps" time="187.497"/>
  <testcase classname="test_Cases_Class.TC06_Application_Page" name="uninstallsameapps" time="174.072"/>
  <testcase classname="test_Cases_Class.TC06_Application_Page" name="CustomApp" time="177.329"/>
  <testcase classname="test_Cases_Class.TC06_Application_Page" name="CustomAppUninstallation" time="191.804"/>
  <testcase classname="test_Cases_Class.TC06_Application_Page" name="deleteCustomApp" time="11.599"/>
  <testcase classname="test_Cases_Class.TC06_Application_Page" name="CreateCustomScript" time="4.636"/>
  <testcase classname="test_Cases_Class.TC06_Application_Page" name="InstallCustomScript" time="117.669"/>
  <testcase classname="test_Cases_Class.TC06_Application_Page" name="deleteCustomScript" time="10.007"/>
</testsuite> <!-- test_Cases_Class.TC06_Application_Page -->
